{"/Users/henrique/work/tests/newsApp/assets/fonts/Nunito-Black.ttf": {"path":"/Users/henrique/work/tests/newsApp/assets/fonts/Nunito-Black.ttf","statementMap":{"0":{"start":{"line":1,"column":0},"end":{"line":1,"column":19}}},"fnMap":{},"branchMap":{},"s":{"0":1},"f":{},"b":{},"_coverageSchema":"1a1c01bbd47fc00a2c39e90264f33305004495a9","hash":"2356789ad2f9d5d8c54db05529eff435a7deb4d7"}
,"/Users/henrique/work/tests/newsApp/assets/fonts/Nunito-Bold.ttf": {"path":"/Users/henrique/work/tests/newsApp/assets/fonts/Nunito-Bold.ttf","statementMap":{"0":{"start":{"line":1,"column":0},"end":{"line":1,"column":19}}},"fnMap":{},"branchMap":{},"s":{"0":1},"f":{},"b":{},"_coverageSchema":"1a1c01bbd47fc00a2c39e90264f33305004495a9","hash":"86c5ad0cd518a07ab11cd80a9f0f00845ce5c581"}
,"/Users/henrique/work/tests/newsApp/assets/fonts/Nunito-ExtraBold.ttf": {"path":"/Users/henrique/work/tests/newsApp/assets/fonts/Nunito-ExtraBold.ttf","statementMap":{"0":{"start":{"line":1,"column":0},"end":{"line":1,"column":19}}},"fnMap":{},"branchMap":{},"s":{"0":1},"f":{},"b":{},"_coverageSchema":"1a1c01bbd47fc00a2c39e90264f33305004495a9","hash":"a0cdfddc50eab49e41f8c3291b7bfe4c9fb78c64"}
,"/Users/henrique/work/tests/newsApp/assets/fonts/Nunito-ExtraLight.ttf": {"path":"/Users/henrique/work/tests/newsApp/assets/fonts/Nunito-ExtraLight.ttf","statementMap":{"0":{"start":{"line":1,"column":0},"end":{"line":1,"column":19}}},"fnMap":{},"branchMap":{},"s":{"0":1},"f":{},"b":{},"_coverageSchema":"1a1c01bbd47fc00a2c39e90264f33305004495a9","hash":"0d5f953a1a462c1e66adf85e8e5f2133f7c30078"}
,"/Users/henrique/work/tests/newsApp/assets/fonts/Nunito-Italic.ttf": {"path":"/Users/henrique/work/tests/newsApp/assets/fonts/Nunito-Italic.ttf","statementMap":{"0":{"start":{"line":1,"column":0},"end":{"line":1,"column":19}}},"fnMap":{},"branchMap":{},"s":{"0":1},"f":{},"b":{},"_coverageSchema":"1a1c01bbd47fc00a2c39e90264f33305004495a9","hash":"957332431ac11124356f99e4426493c25410fd05"}
,"/Users/henrique/work/tests/newsApp/assets/fonts/Nunito-Light.ttf": {"path":"/Users/henrique/work/tests/newsApp/assets/fonts/Nunito-Light.ttf","statementMap":{"0":{"start":{"line":1,"column":0},"end":{"line":1,"column":19}}},"fnMap":{},"branchMap":{},"s":{"0":1},"f":{},"b":{},"_coverageSchema":"1a1c01bbd47fc00a2c39e90264f33305004495a9","hash":"ac607c9d9784c3bf44f1e981ce039ebf5f4a9e2a"}
,"/Users/henrique/work/tests/newsApp/assets/fonts/Nunito-Regular.ttf": {"path":"/Users/henrique/work/tests/newsApp/assets/fonts/Nunito-Regular.ttf","statementMap":{"0":{"start":{"line":1,"column":0},"end":{"line":1,"column":19}}},"fnMap":{},"branchMap":{},"s":{"0":1},"f":{},"b":{},"_coverageSchema":"1a1c01bbd47fc00a2c39e90264f33305004495a9","hash":"b0e003cfde88385e53fbd007087142b625d0892d"}
,"/Users/henrique/work/tests/newsApp/assets/fonts/Nunito-SemiBold.ttf": {"path":"/Users/henrique/work/tests/newsApp/assets/fonts/Nunito-SemiBold.ttf","statementMap":{"0":{"start":{"line":1,"column":0},"end":{"line":1,"column":19}}},"fnMap":{},"branchMap":{},"s":{"0":1},"f":{},"b":{},"_coverageSchema":"1a1c01bbd47fc00a2c39e90264f33305004495a9","hash":"34125fdb980b9379bb5f3cc123d3a944e01f0e6e"}
,"/Users/henrique/work/tests/newsApp/src/api/index.ts": {"path":"/Users/henrique/work/tests/newsApp/src/api/index.ts","statementMap":{"0":{"start":{"line":4,"column":16},"end":{"line":4,"column":48}},"1":{"start":{"line":5,"column":16},"end":{"line":5,"column":48}},"2":{"start":{"line":7,"column":29},"end":{"line":24,"column":1}},"3":{"start":{"line":11,"column":2},"end":{"line":23,"column":3}},"4":{"start":{"line":12,"column":21},"end":{"line":12,"column":75}},"5":{"start":{"line":13,"column":17},"end":{"line":13,"column":38}},"6":{"start":{"line":14,"column":4},"end":{"line":17,"column":6}},"7":{"start":{"line":19,"column":4},"end":{"line":22,"column":6}}},"fnMap":{"0":{"name":"(anonymous_0)","decl":{"start":{"line":7,"column":29},"end":{"line":7,"column":30}},"loc":{"start":{"line":10,"column":6},"end":{"line":24,"column":1}},"line":10}},"branchMap":{},"s":{"0":1,"1":1,"2":1,"3":0,"4":0,"5":0,"6":0,"7":0},"f":{"0":0},"b":{},"_coverageSchema":"1a1c01bbd47fc00a2c39e90264f33305004495a9","hash":"91f04e95af3d44cf1d88200d26517bab2799c40c"}
,"/Users/henrique/work/tests/newsApp/src/common/theme.ts": {"path":"/Users/henrique/work/tests/newsApp/src/common/theme.ts","statementMap":{"0":{"start":{"line":3,"column":29},"end":{"line":12,"column":1}},"1":{"start":{"line":14,"column":28},"end":{"line":25,"column":1}},"2":{"start":{"line":27,"column":14},"end":{"line":36,"column":1}}},"fnMap":{},"branchMap":{},"s":{"0":1,"1":1,"2":1},"f":{},"b":{},"_coverageSchema":"1a1c01bbd47fc00a2c39e90264f33305004495a9","hash":"36767c89d1b4eab957f8ce42ff5174e95497bc68"}
,"/Users/henrique/work/tests/newsApp/src/common/hooks/use-theme.tsx": {"path":"/Users/henrique/work/tests/newsApp/src/common/hooks/use-theme.tsx","statementMap":{"0":{"start":{"line":6,"column":54},"end":{"line":8,"column":12}},"1":{"start":{"line":9,"column":28},"end":{"line":11,"column":3}},"2":{"start":{"line":10,"column":4},"end":{"line":10,"column":75}},"3":{"start":{"line":10,"column":37},"end":{"line":10,"column":72}},"4":{"start":{"line":12,"column":16},"end":{"line":12,"column":42}},"5":{"start":{"line":13,"column":46},"end":{"line":13,"column":70}},"6":{"start":{"line":14,"column":2},"end":{"line":14,"column":78}}},"fnMap":{"0":{"name":"useTheme","decl":{"start":{"line":5,"column":16},"end":{"line":5,"column":24}},"loc":{"start":{"line":5,"column":27},"end":{"line":15,"column":1}},"line":5},"1":{"name":"(anonymous_1)","decl":{"start":{"line":9,"column":28},"end":{"line":9,"column":29}},"loc":{"start":{"line":9,"column":34},"end":{"line":11,"column":3}},"line":9},"2":{"name":"(anonymous_2)","decl":{"start":{"line":10,"column":26},"end":{"line":10,"column":27}},"loc":{"start":{"line":10,"column":37},"end":{"line":10,"column":72}},"line":10}},"branchMap":{"0":{"loc":{"start":{"line":10,"column":37},"end":{"line":10,"column":72}},"type":"cond-expr","locations":[{"start":{"line":10,"column":56},"end":{"line":10,"column":62}},{"start":{"line":10,"column":65},"end":{"line":10,"column":72}}],"line":10}},"s":{"0":3,"1":3,"2":1,"3":1,"4":3,"5":3,"6":3},"f":{"0":3,"1":1,"2":1},"b":{"0":[1,0]},"_coverageSchema":"1a1c01bbd47fc00a2c39e90264f33305004495a9","hash":"c3bdb762c5169e98ad1f6b7c4e3437b1ccd7073b"}
,"/Users/henrique/work/tests/newsApp/src/common/utils/tests.tsx": {"path":"/Users/henrique/work/tests/newsApp/src/common/utils/tests.tsx","statementMap":{"0":{"start":{"line":5,"column":39},"end":{"line":7,"column":1}},"1":{"start":{"line":6,"column":2},"end":{"line":6,"column":78}}},"fnMap":{"0":{"name":"(anonymous_0)","decl":{"start":{"line":5,"column":39},"end":{"line":5,"column":40}},"loc":{"start":{"line":5,"column":53},"end":{"line":7,"column":1}},"line":5}},"branchMap":{},"s":{"0":1,"1":1},"f":{"0":1},"b":{},"_coverageSchema":"1a1c01bbd47fc00a2c39e90264f33305004495a9","hash":"f207afd3d62310b5b6fba1e4b3829754c377b871"}
,"/Users/henrique/work/tests/newsApp/src/components/NewsCard/index.tsx": {"path":"/Users/henrique/work/tests/newsApp/src/components/NewsCard/index.tsx","statementMap":{"0":{"start":{"line":12,"column":2},"end":{"line":24,"column":4}}},"fnMap":{"0":{"name":"NewsCard","decl":{"start":{"line":5,"column":16},"end":{"line":5,"column":24}},"loc":{"start":{"line":11,"column":18},"end":{"line":25,"column":1}},"line":11}},"branchMap":{},"s":{"0":3},"f":{"0":3},"b":{},"_coverageSchema":"1a1c01bbd47fc00a2c39e90264f33305004495a9","hash":"42deb448494bcddc5cb6e5ceda92c93a906a146a"}
,"/Users/henrique/work/tests/newsApp/src/components/NewsCard/styles.ts": {"path":"/Users/henrique/work/tests/newsApp/src/components/NewsCard/styles.ts","statementMap":{"0":{"start":{"line":4,"column":25},"end":{"line":8,"column":1}},"1":{"start":{"line":10,"column":25},"end":{"line":20,"column":4}},"2":{"start":{"line":22,"column":26},"end":{"line":25,"column":1}}},"fnMap":{},"branchMap":{},"s":{"0":2,"1":2,"2":2},"f":{},"b":{},"_coverageSchema":"1a1c01bbd47fc00a2c39e90264f33305004495a9","hash":"4dbcf881ce81a088709d9c9b45d6173e1b2520cc"}
,"/Users/henrique/work/tests/newsApp/src/components/WebView/index.tsx": {"path":"/Users/henrique/work/tests/newsApp/src/components/WebView/index.tsx","statementMap":{"0":{"start":{"line":5,"column":2},"end":{"line":14,"column":4}}},"fnMap":{"0":{"name":"WebView","decl":{"start":{"line":4,"column":16},"end":{"line":4,"column":23}},"loc":{"start":{"line":4,"column":47},"end":{"line":15,"column":1}},"line":4}},"branchMap":{},"s":{"0":2},"f":{"0":2},"b":{},"_coverageSchema":"1a1c01bbd47fc00a2c39e90264f33305004495a9","hash":"92ad0e04c6af23146009e60cc633489a2db05368"}
,"/Users/henrique/work/tests/newsApp/src/contexts/ThemeContext.ts": {"path":"/Users/henrique/work/tests/newsApp/src/contexts/ThemeContext.ts","statementMap":{"0":{"start":{"line":5,"column":28},"end":{"line":9,"column":2}}},"fnMap":{"0":{"name":"(anonymous_0)","decl":{"start":{"line":6,"column":15},"end":{"line":6,"column":16}},"loc":{"start":{"line":6,"column":21},"end":{"line":6,"column":23}},"line":6}},"branchMap":{},"s":{"0":1},"f":{"0":0},"b":{},"_coverageSchema":"1a1c01bbd47fc00a2c39e90264f33305004495a9","hash":"1a3f80919ced76c0e235fdb72cdd5a2b30b4b52f"}
,"/Users/henrique/work/tests/newsApp/src/pages/Home/index.tsx": {"path":"/Users/henrique/work/tests/newsApp/src/pages/Home/index.tsx","statementMap":{"0":{"start":{"line":10,"column":4},"end":{"line":10,"column":13}},"1":{"start":{"line":12,"column":2},"end":{"line":31,"column":4}},"2":{"start":{"line":20,"column":10},"end":{"line":26,"column":12}},"3":{"start":{"line":25,"column":31},"end":{"line":25,"column":62}},"4":{"start":{"line":28,"column":42},"end":{"line":28,"column":52}}},"fnMap":{"0":{"name":"Home","decl":{"start":{"line":8,"column":16},"end":{"line":8,"column":20}},"loc":{"start":{"line":8,"column":23},"end":{"line":32,"column":1}},"line":8},"1":{"name":"(anonymous_1)","decl":{"start":{"line":19,"column":20},"end":{"line":19,"column":21}},"loc":{"start":{"line":20,"column":10},"end":{"line":26,"column":12}},"line":20},"2":{"name":"(anonymous_2)","decl":{"start":{"line":25,"column":25},"end":{"line":25,"column":26}},"loc":{"start":{"line":25,"column":31},"end":{"line":25,"column":62}},"line":25},"3":{"name":"(anonymous_3)","decl":{"start":{"line":28,"column":22},"end":{"line":28,"column":23}},"loc":{"start":{"line":28,"column":42},"end":{"line":28,"column":52}},"line":28}},"branchMap":{"0":{"loc":{"start":{"line":15,"column":7},"end":{"line":15,"column":47}},"type":"cond-expr","locations":[{"start":{"line":15,"column":19},"end":{"line":15,"column":40}},{"start":{"line":15,"column":43},"end":{"line":15,"column":47}}],"line":15}},"s":{"0":1,"1":1,"2":1,"3":0,"4":1},"f":{"0":1,"1":1,"2":0,"3":1},"b":{"0":[0,1]},"_coverageSchema":"1a1c01bbd47fc00a2c39e90264f33305004495a9","hash":"1e8e02aa61dfa8d09b2663f112437aadcd5dc50a"}
,"/Users/henrique/work/tests/newsApp/src/pages/Home/styles.ts": {"path":"/Users/henrique/work/tests/newsApp/src/pages/Home/styles.ts","statementMap":{"0":{"start":{"line":3,"column":25},"end":{"line":11,"column":1}},"1":{"start":{"line":4,"column":37},"end":{"line":4,"column":60}},"2":{"start":{"line":13,"column":33},"end":{"line":24,"column":1}},"3":{"start":{"line":19,"column":37},"end":{"line":19,"column":60}}},"fnMap":{"0":{"name":"(anonymous_0)","decl":{"start":{"line":4,"column":22},"end":{"line":4,"column":23}},"loc":{"start":{"line":4,"column":37},"end":{"line":4,"column":60}},"line":4},"1":{"name":"(anonymous_1)","decl":{"start":{"line":19,"column":22},"end":{"line":19,"column":23}},"loc":{"start":{"line":19,"column":37},"end":{"line":19,"column":60}},"line":19}},"branchMap":{},"s":{"0":1,"1":1,"2":1,"3":1},"f":{"0":1,"1":1},"b":{},"_coverageSchema":"1a1c01bbd47fc00a2c39e90264f33305004495a9","hash":"973685a4c90172ba83168d568bd9c348769380bb"}
,"/Users/henrique/work/tests/newsApp/src/pages/Home/hooks/use-home.tsx": {"path":"/Users/henrique/work/tests/newsApp/src/pages/Home/hooks/use-home.tsx","statementMap":{"0":{"start":{"line":7,"column":36},"end":{"line":7,"column":60}},"1":{"start":{"line":8,"column":38},"end":{"line":8,"column":62}},"2":{"start":{"line":9,"column":21},"end":{"line":9,"column":36}},"3":{"start":{"line":10,"column":18},"end":{"line":10,"column":30}},"4":{"start":{"line":11,"column":30},"end":{"line":16,"column":3}},"5":{"start":{"line":12,"column":4},"end":{"line":12,"column":23}},"6":{"start":{"line":13,"column":21},"end":{"line":13,"column":50}},"7":{"start":{"line":14,"column":4},"end":{"line":14,"column":33}},"8":{"start":{"line":15,"column":4},"end":{"line":15,"column":24}},"9":{"start":{"line":18,"column":26},"end":{"line":20,"column":3}},"10":{"start":{"line":19,"column":4},"end":{"line":19,"column":41}},"11":{"start":{"line":22,"column":28},"end":{"line":24,"column":3}},"12":{"start":{"line":23,"column":4},"end":{"line":23,"column":66}},"13":{"start":{"line":26,"column":2},"end":{"line":28,"column":9}},"14":{"start":{"line":27,"column":4},"end":{"line":27,"column":26}},"15":{"start":{"line":30,"column":2},"end":{"line":30,"column":80}}},"fnMap":{"0":{"name":"useHome","decl":{"start":{"line":6,"column":16},"end":{"line":6,"column":23}},"loc":{"start":{"line":6,"column":26},"end":{"line":31,"column":1}},"line":6},"1":{"name":"(anonymous_1)","decl":{"start":{"line":11,"column":30},"end":{"line":11,"column":31}},"loc":{"start":{"line":11,"column":42},"end":{"line":16,"column":3}},"line":11},"2":{"name":"(anonymous_2)","decl":{"start":{"line":18,"column":26},"end":{"line":18,"column":27}},"loc":{"start":{"line":18,"column":43},"end":{"line":20,"column":3}},"line":18},"3":{"name":"(anonymous_3)","decl":{"start":{"line":22,"column":28},"end":{"line":22,"column":29}},"loc":{"start":{"line":22,"column":34},"end":{"line":24,"column":3}},"line":22},"4":{"name":"(anonymous_4)","decl":{"start":{"line":26,"column":12},"end":{"line":26,"column":13}},"loc":{"start":{"line":26,"column":18},"end":{"line":28,"column":3}},"line":26}},"branchMap":{},"s":{"0":12,"1":12,"2":12,"3":12,"4":12,"5":3,"6":3,"7":3,"8":3,"9":12,"10":1,"11":12,"12":1,"13":12,"14":3,"15":12},"f":{"0":12,"1":3,"2":1,"3":1,"4":3},"b":{},"_coverageSchema":"1a1c01bbd47fc00a2c39e90264f33305004495a9","hash":"7f7b30a5609c4475f8e174499754d1a83af61c4c"}
,"/Users/henrique/work/tests/newsApp/src/pages/News/index.tsx": {"path":"/Users/henrique/work/tests/newsApp/src/pages/News/index.tsx","statementMap":{"0":{"start":{"line":5,"column":18},"end":{"line":5,"column":27}},"1":{"start":{"line":6,"column":2},"end":{"line":6,"column":31}}},"fnMap":{"0":{"name":"News","decl":{"start":{"line":4,"column":16},"end":{"line":4,"column":20}},"loc":{"start":{"line":4,"column":23},"end":{"line":7,"column":1}},"line":4}},"branchMap":{},"s":{"0":1,"1":1},"f":{"0":1},"b":{},"_coverageSchema":"1a1c01bbd47fc00a2c39e90264f33305004495a9","hash":"0f564c3a32f30486a326dde15aff64551d4b6dc9"}
,"/Users/henrique/work/tests/newsApp/src/pages/News/hooks/use-news.tsx": {"path":"/Users/henrique/work/tests/newsApp/src/pages/News/hooks/use-news.tsx","statementMap":{"0":{"start":{"line":4,"column":21},"end":{"line":4,"column":36}},"1":{"start":{"line":5,"column":21},"end":{"line":5,"column":31}},"2":{"start":{"line":6,"column":18},"end":{"line":6,"column":43}},"3":{"start":{"line":7,"column":2},"end":{"line":9,"column":5}},"4":{"start":{"line":8,"column":23},"end":{"line":8,"column":27}},"5":{"start":{"line":11,"column":2},"end":{"line":11,"column":17}}},"fnMap":{"0":{"name":"useNews","decl":{"start":{"line":3,"column":16},"end":{"line":3,"column":23}},"loc":{"start":{"line":3,"column":26},"end":{"line":12,"column":1}},"line":3},"1":{"name":"(anonymous_1)","decl":{"start":{"line":8,"column":17},"end":{"line":8,"column":18}},"loc":{"start":{"line":8,"column":23},"end":{"line":8,"column":27}},"line":8}},"branchMap":{},"s":{"0":1,"1":1,"2":1,"3":1,"4":1,"5":1},"f":{"0":1,"1":1},"b":{},"_coverageSchema":"1a1c01bbd47fc00a2c39e90264f33305004495a9","hash":"450ce070b037f365a3365ba484e1afd306872562"}
}
